pygame 1.9.4.post1
Hello from the pygame community. https://www.pygame.org/contribute.html
09:47:11 Starting Mirror...



09:47:22 Server is listening...
09:47:22 IN config::setSleepTime: jobs dont exist!
09:47:22 IN config::setSleepTime: jobs dont exist!


09:47:27 Client <54446> Connected...
09:47:27 Server is listening...
09:47:27 [92m clientPing [0m
09:47:32 [92m clientPing [0m
09:47:37 [92m clientPing [0m
09:47:42 [92m clientPing [0m
09:47:47 [92m clientPing [0m
09:47:52 [92m clientPing [0m
09:47:57 [92m clientPing [0m
09:48:02 [92m clientPing [0m
09:48:07 [92m clientPing [0m
09:48:12 [92m clientPing [0m
09:48:17 [92m clientPing [0m
09:48:22 [92m clientPing [0m
09:48:27 [92m clientPing [0m
09:48:32 [92m clientPing [0m
09:48:37 [92m clientPing [0m
09:48:42 [92m clientPing [0m
09:48:47 [92m clientPing [0m
09:48:52 [92m clientPing [0m
09:48:57 [92m clientPing [0m
09:49:02 [92m clientPing [0m
09:49:07 [92m clientPing [0m
09:49:12 [92m clientPing [0m
09:49:17 [92m clientPing [0m
09:49:22 [92m clientPing [0m
09:49:27 [92m clientPing [0m
09:49:32 [92m clientPing [0m
09:49:37 [92m clientPing [0m
09:49:42 [92m clientPing [0m
09:49:47 [92m clientPing [0m
09:49:52 [92m clientPing [0m
09:49:57 [92m clientPing [0m
09:50:02 [92m clientPing [0m
09:50:07 [92m clientPing [0m
09:50:12 [92m clientPing [0m
09:50:17 [92m clientPing [0m
09:50:22 [92m clientPing [0m
09:50:27 [92m clientPing [0m
09:50:32 [92m clientPing [0m
09:50:37 [92m clientPing [0m
09:50:42 [92m clientPing [0m
09:50:47 [92m clientPing [0m
09:50:52 [92m clientPing [0m
09:50:57 [92m clientPing [0m
09:51:02 [92m clientPing [0m
09:51:07 [92m clientPing [0m
09:51:12 [92m clientPing [0m
09:51:17 [92m clientPing [0m
09:51:22 [92m clientPing [0m
09:51:27 [92m clientPing [0m
09:51:32 [92m clientPing [0m
09:51:37 [92m clientPing [0m
09:51:42 [92m clientPing [0m
09:51:47 [92m clientPing [0m
09:51:52 [92m clientPing [0m
09:51:57 [92m clientPing [0m
09:52:02 [92m clientPing [0m
09:52:07 [92m clientPing [0m
09:52:12 [92m clientPing [0m
09:52:17 [92m clientPing [0m
09:52:22 [92m clientPing [0m
09:52:27 [92m clientPing [0m
09:52:32 [92m clientPing [0m
09:52:37 [92m clientPing [0m
09:52:42 [92m clientPing [0m
09:52:47 [92m clientPing [0m
09:52:52 [92m clientPing [0m
09:52:57 [92m clientPing [0m
09:53:02 [92m clientPing [0m
09:53:07 [92m clientPing [0m
09:53:12 [92m clientPing [0m
09:53:17 [92m clientPing [0m
09:53:22 [92m clientPing [0m
09:53:27 [92m clientPing [0m
09:53:32 [92m clientPing [0m
09:53:37 [92m clientPing [0m
09:53:42 [92m clientPing [0m
09:53:47 [92m clientPing [0m
09:53:52 [92m clientPing [0m
09:53:57 [92m clientPing [0m
09:54:02 [92m clientPing [0m
09:54:07 [92m clientPing [0m
09:54:12 [92m clientPing [0m
09:54:17 [92m clientPing [0m
09:54:22 [92m clientPing [0m
09:54:27 [92m clientPing [0m
09:54:32 [92m clientPing [0m
09:54:37 [92m clientPing [0m
09:54:42 [92m clientPing [0m
09:54:47 [92m clientPing [0m
09:54:52 [92m clientPing [0m
09:54:57 [92m clientPing [0m
09:55:02 [92m clientPing [0m
09:55:07 [92m clientPing [0m
09:55:12 [92m clientPing [0m
09:55:17 [92m clientPing [0m
09:55:22 [92m clientPing [0m
09:55:27 [92m clientPing [0m
09:55:32 [92m clientPing [0m
09:55:37 [92m clientPing [0m
09:55:42 [92m clientPing [0m
09:55:47 [92m clientPing [0m
09:55:52 [92m clientPing [0m
09:55:57 [92m clientPing [0m
09:56:02 [92m clientPing [0m
09:56:07 [92m clientPing [0m
09:56:12 [92m clientPing [0m
09:56:17 [92m clientPing [0m
09:56:22 [92m clientPing [0m
09:56:27 [92m clientPing [0m
09:56:32 [92m clientPing [0m
09:56:37 [92m clientPing [0m
09:56:42 [92m clientPing [0m
09:56:47 [92m clientPing [0m
09:56:52 [92m clientPing [0m
09:56:57 [92m clientPing [0m
09:57:02 [92m clientPing [0m
09:57:07 [92m clientPing [0m
09:57:12 [92m clientPing [0m
09:57:17 [92m clientPing [0m
09:57:22 [92m clientPing [0m
09:57:27 [92m clientPing [0m
09:57:32 [92m clientPing [0m
09:57:37 [92m clientPing [0m
09:57:42 [92m clientPing [0m
09:57:47 [92m clientPing [0m
09:57:52 [92m clientPing [0m
09:57:57 [92m clientPing [0m
09:58:02 [92m clientPing [0m
09:58:08 [92m clientPing [0m
09:58:13 [92m clientPing [0m
09:58:18 [92m clientPing [0m
09:58:23 [92m clientPing [0m
09:58:28 [92m clientPing [0m
09:58:33 [92m clientPing [0m
09:58:38 [92m clientPing [0m
09:58:43 [92m clientPing [0m
09:58:48 [92m clientPing [0m
09:58:53 [92m clientPing [0m
09:58:58 [92m clientPing [0m
09:59:03 [92m clientPing [0m
09:59:08 [92m clientPing [0m
09:59:13 [92m clientPing [0m
09:59:18 [92m clientPing [0m
09:59:23 [92m clientPing [0m
09:59:28 [92m clientPing [0m
09:59:33 [92m clientPing [0m
09:59:38 [92m clientPing [0m
09:59:43 [92m clientPing [0m
09:59:48 [92m clientPing [0m
09:59:53 [92m clientPing [0m
09:59:58 [92m clientPing [0m
10:00:03 [92m clientPing [0m
10:00:08 [92m clientPing [0m
10:00:13 [92m clientPing [0m
10:00:18 [92m clientPing [0m
10:00:23 [92m clientPing [0m
10:00:28 [92m clientPing [0m
10:00:33 [92m clientPing [0m
10:00:38 [92m clientPing [0m
10:00:43 [92m clientPing [0m
10:00:48 [92m clientPing [0m
10:00:53 [92m clientPing [0m
10:00:58 [92m clientPing [0m
10:01:03 [92m clientPing [0m
10:01:08 [92m clientPing [0m
10:01:13 [92m clientPing [0m
10:01:18 [92m clientPing [0m
10:01:23 [92m clientPing [0m
10:01:28 [92m clientPing [0m
10:01:33 [92m clientPing [0m
10:01:38 [92m clientPing [0m
10:01:43 [92m clientPing [0m
10:01:48 [92m clientPing [0m
10:01:53 [92m clientPing [0m
10:01:58 [92m clientPing [0m
10:02:03 [92m clientPing [0m
10:02:08 [92m clientPing [0m
10:02:13 [92m clientPing [0m
10:02:18 [92m clientPing [0m
10:02:23 [92m clientPing [0m
10:02:28 [92m clientPing [0m
10:02:33 [92m clientPing [0m
10:02:38 [92m clientPing [0m
10:02:43 [92m clientPing [0m
10:02:48 [92m clientPing [0m
10:02:53 [92m clientPing [0m
10:02:58 [92m clientPing [0m
10:03:03 [92m clientPing [0m
10:03:08 [92m clientPing [0m
10:03:13 [92m clientPing [0m
10:03:18 [92m clientPing [0m
10:03:23 [92m clientPing [0m
10:03:28 [92m clientPing [0m
10:03:33 [92m clientPing [0m
10:03:38 [92m clientPing [0m
10:03:43 [92m clientPing [0m
10:03:48 [92m clientPing [0m
10:03:53 [92m clientPing [0m
10:03:58 [92m clientPing [0m
10:04:03 [92m clientPing [0m
10:04:08 [92m clientPing [0m
10:04:13 [92m clientPing [0m
10:04:18 [92m clientPing [0m
10:04:23 [92m clientPing [0m
10:04:28 [92m clientPing [0m
10:04:33 [92m clientPing [0m
10:04:38 [92m clientPing [0m
10:04:43 [92m clientPing [0m
10:04:48 [92m clientPing [0m
10:04:53 [92m clientPing [0m
10:04:58 [92m clientPing [0m
10:05:03 [92m clientPing [0m
10:05:08 [92m clientPing [0m
10:05:13 [92m clientPing [0m
10:05:18 [92m clientPing [0m
10:05:23 [92m clientPing [0m
10:05:28 [92m clientPing [0m
10:05:33 [92m clientPing [0m
10:05:38 [92m clientPing [0m
10:05:43 [92m clientPing [0m
10:05:48 [92m clientPing [0m
10:05:53 [92m clientPing [0m
10:05:58 [92m clientPing [0m
10:06:03 [92m clientPing [0m
10:06:08 [92m clientPing [0m
10:06:13 [92m clientPing [0m
10:06:18 [92m clientPing [0m
10:06:23 [92m clientPing [0m
10:06:28 [92m clientPing [0m
10:06:33 [92m clientPing [0m
10:06:38 [92m clientPing [0m
10:06:43 [92m clientPing [0m
10:06:48 [92m clientPing [0m
10:06:53 [92m clientPing [0m
10:06:58 [92m clientPing [0m
10:07:03 [92m clientPing [0m
10:07:08 [92m clientPing [0m
10:07:13 [92m clientPing [0m
10:07:18 [92m clientPing [0m
10:07:23 [92m clientPing [0m
10:07:28 [92m clientPing [0m
10:07:33 [92m clientPing [0m
10:07:38 [92m clientPing [0m
10:07:43 [92m clientPing [0m
10:07:48 [92m clientPing [0m
10:07:53 [92m clientPing [0m
10:07:58 [92m clientPing [0m
10:08:03 [92m clientPing [0m
10:08:08 [92m clientPing [0m
10:08:13 [92m clientPing [0m
10:08:18 [92m clientPing [0m
10:08:23 [92m clientPing [0m
10:08:28 [92m clientPing [0m
10:08:33 [92m clientPing [0m
10:08:38 [92m clientPing [0m
10:08:43 [92m clientPing [0m
10:08:48 [92m clientPing [0m
10:08:53 [92m clientPing [0m
10:08:58 [92m clientPing [0m
10:09:03 [92m clientPing [0m
10:09:08 [92m clientPing [0m
10:09:13 [92m clientPing [0m
10:09:18 [92m clientPing [0m
10:09:23 [92m clientPing [0m
10:09:28 [92m clientPing [0m
10:09:33 [92m clientPing [0m
10:09:38 [92m clientPing [0m
10:09:43 [92m clientPing [0m
10:09:48 [92m clientPing [0m
10:09:53 [92m clientPing [0m
10:09:58 [92m clientPing [0m
10:10:03 [92m clientPing [0m
10:10:08 [92m clientPing [0m
10:10:13 [92m clientPing [0m
10:10:18 [92m clientPing [0m
10:10:23 [92m clientPing [0m
10:10:28 [92m clientPing [0m
10:10:33 [92m clientPing [0m
10:10:38 [92m clientPing [0m
10:10:43 [92m clientPing [0m
10:10:48 [92m clientPing [0m
10:10:53 [92m clientPing [0m
10:10:58 [92m clientPing [0m
10:11:03 [92m clientPing [0m
10:11:08 [92m clientPing [0m
10:11:13 [92m clientPing [0m
10:11:18 [92m clientPing [0m
10:11:23 [92m clientPing [0m
10:11:28 [92m clientPing [0m
10:11:33 [92m clientPing [0m
10:11:38 [92m clientPing [0m
10:11:43 [92m clientPing [0m
10:11:48 [92m clientPing [0m
10:11:53 [92m clientPing [0m
10:11:58 [92m clientPing [0m
10:12:03 [92m clientPing [0m
10:12:08 [92m clientPing [0m
10:12:13 [92m clientPing [0m
10:12:18 [92m clientPing [0m
10:12:23 [92m clientPing [0m
10:12:28 [92m clientPing [0m
10:12:33 [92m clientPing [0m
10:12:38 [92m clientPing [0m
10:12:43 [92m clientPing [0m
10:12:48 [92m clientPing [0m
10:12:53 [92m clientPing [0m
10:12:58 [92m clientPing [0m
10:13:03 [92m clientPing [0m
10:13:08 [92m clientPing [0m
10:13:13 [92m clientPing [0m
10:13:18 [92m clientPing [0m
10:13:23 [92m clientPing [0m
10:13:28 [92m clientPing [0m
10:13:33 [92m clientPing [0m
10:13:38 [92m clientPing [0m
10:13:43 [92m clientPing [0m
10:13:48 [92m clientPing [0m
10:13:53 [92m clientPing [0m
10:13:58 [92m clientPing [0m
10:14:03 [92m clientPing [0m
10:14:08 [92m clientPing [0m
10:14:13 [92m clientPing [0m
10:14:18 [92m clientPing [0m
10:14:23 [92m clientPing [0m
10:14:28 [92m clientPing [0m
10:14:33 [92m clientPing [0m
10:14:38 [92m clientPing [0m
10:14:43 [92m clientPing [0m
10:14:48 [92m clientPing [0m
10:14:53 [92m clientPing [0m
10:14:58 [92m clientPing [0m
10:15:03 [92m clientPing [0m
10:15:08 [92m clientPing [0m
10:15:13 [92m clientPing [0m
10:15:18 [92m clientPing [0m
10:15:23 [92m clientPing [0m
10:15:28 [92m clientPing [0m
10:15:33 [92m clientPing [0m
10:15:38 [92m clientPing [0m
10:15:43 [92m clientPing [0m
10:15:48 [92m clientPing [0m
10:15:53 [92m clientPing [0m
10:15:58 [92m clientPing [0m
10:16:03 [92m clientPing [0m
10:16:08 [92m clientPing [0m
10:16:14 [92m clientPing [0m
10:16:19 [92m clientPing [0m
10:16:24 [92m clientPing [0m
10:16:29 [92m clientPing [0m
10:16:34 [92m clientPing [0m
10:16:39 [92m clientPing [0m
10:16:44 [92m clientPing [0m
10:16:49 [92m clientPing [0m
10:16:54 [92m clientPing [0m
10:16:59 [92m clientPing [0m
10:17:04 [92m clientPing [0m
10:17:09 [92m clientPing [0m
10:17:14 [92m clientPing [0m
10:17:19 [92m clientPing [0m
10:17:24 [92m clientPing [0m
10:17:29 [92m clientPing [0m
10:17:34 [92m clientPing [0m
10:17:39 [92m clientPing [0m
10:17:44 [92m clientPing [0m
10:17:49 [92m clientPing [0m
10:17:54 [92m clientPing [0m
10:17:59 [92m clientPing [0m
10:18:04 [92m clientPing [0m
10:18:09 [92m clientPing [0m
10:18:14 [92m clientPing [0m
10:18:19 [92m clientPing [0m
10:18:24 [92m clientPing [0m
10:18:29 [92m clientPing [0m
10:18:34 [92m clientPing [0m
10:18:39 [92m clientPing [0m
10:18:44 [92m clientPing [0m
10:18:49 [92m clientPing [0m
10:18:54 [92m clientPing [0m
10:18:59 [92m clientPing [0m
10:19:04 [92m clientPing [0m
10:19:09 [92m clientPing [0m
10:19:14 [92m clientPing [0m
10:19:19 [92m clientPing [0m
10:19:24 [92m clientPing [0m
10:19:29 [92m clientPing [0m
10:19:34 [92m clientPing [0m
10:19:39 [92m clientPing [0m
10:19:44 [92m clientPing [0m
10:19:49 [92m clientPing [0m
10:19:54 [92m clientPing [0m
10:19:59 [92m clientPing [0m
10:20:04 [92m clientPing [0m
10:20:09 [92m clientPing [0m
10:20:14 [92m clientPing [0m
10:20:19 [92m clientPing [0m
10:20:24 [92m clientPing [0m
10:20:29 [92m clientPing [0m
10:20:34 [92m clientPing [0m
10:20:39 [92m clientPing [0m
10:20:44 [92m clientPing [0m
10:20:49 [92m clientPing [0m
10:20:54 [92m clientPing [0m
10:20:59 [92m clientPing [0m
10:21:04 [92m clientPing [0m
10:21:09 [92m clientPing [0m
10:21:14 [92m clientPing [0m
10:21:19 [92m clientPing [0m
10:21:24 [92m clientPing [0m
10:21:29 [92m clientPing [0m
10:21:34 [92m clientPing [0m
10:21:39 [92m clientPing [0m
10:21:44 [92m clientPing [0m
10:21:49 [92m clientPing [0m
10:21:54 [92m clientPing [0m
1
10:21:59 [92m clientPing [0m
2
10:22:04 [92m clientPing [0m
10:22:09 [92m clientPing [0m
10:22:14 [92m clientPing [0m
10:22:19 [92m clientPing [0m
10:22:24 [92m clientPing [0m
10:22:29 [92m clientPing [0m
10:22:34 [92m clientPing [0m
10:22:41 [92m clientPing [0m
10:22:44 [92m clientPing [0m
10:22:49 [92m clientPing [0m
10:22:54 [92m clientPing [0m
10:22:59 [92m clientPing [0m
10:23:04 [92m clientPing [0m
10:23:09 [92m clientPing [0m
10:23:14 [92m clientPing [0m
10:23:19 [92m clientPing [0m
10:23:24 [92m clientPing [0m
10:23:29 [92m clientPing [0m
10:23:34 [92m clientPing [0m
